TN:
SF:/Users/joseym/Briefcase/waitfor.ts/src/index.ts
FN:73,(anonymous_0)
FN:84,(anonymous_1)
FN:91,(anonymous_2)
FN:99,(anonymous_3)
FN:100,(anonymous_4)
FN:116,(anonymous_5)
FN:124,(anonymous_6)
FN:153,(anonymous_7)
FN:183,decorator
FN:187,(anonymous_9)
FN:194,(anonymous_10)
FNF:11
FNH:11
FNDA:8,(anonymous_0)
FNDA:449,(anonymous_1)
FNDA:449,(anonymous_2)
FNDA:6,(anonymous_3)
FNDA:453,(anonymous_4)
FNDA:6,(anonymous_5)
FNDA:8,(anonymous_6)
FNDA:1,(anonymous_7)
FNDA:2,decorator
FNDA:2,(anonymous_9)
FNDA:2,(anonymous_10)
DA:73,8
DA:76,8
DA:77,8
DA:78,8
DA:85,449
DA:92,449
DA:100,6
DA:101,453
DA:102,4
DA:103,4
DA:105,449
DA:106,2
DA:107,2
DA:117,6
DA:118,6
DA:125,8
DA:126,8
DA:127,2
DA:129,6
DA:154,1
DA:155,1
DA:187,2
DA:188,2
DA:191,2
DA:192,2
DA:193,2
DA:194,2
DA:200,1
DA:202,1
LF:29
LH:29
BRDA:73,0,0,3
BRDA:77,1,0,8
BRDA:77,1,1,7
BRDA:78,2,0,8
BRDA:78,2,1,7
BRDA:101,3,0,4
BRDA:101,3,1,449
BRDA:105,4,0,2
BRDA:105,4,1,447
BRDA:107,5,0,1
BRDA:107,5,1,1
BRDA:126,6,0,2
BRDA:126,6,1,6
BRDA:183,7,0,1
BRF:14
BRH:14
end_of_record
